{
  "stats": {
    "suites": 1,
    "tests": 1,
    "passes": 0,
    "pending": 0,
    "failures": 1,
    "start": "2020-03-09T15:48:15.574Z",
    "end": "2020-03-09T15:48:24.611Z",
    "duration": 9037,
    "testsRegistered": 1,
    "passPercent": 0,
    "pendingPercent": 0,
    "other": 0,
    "hasOther": false,
    "skipped": 0,
    "hasSkipped": false
  },
  "results": [
    {
      "uuid": "22d6a32b-3177-4299-8fc2-cae5289414c5",
      "title": "",
      "fullFile": "cypress\\integration\\Google.feature",
      "file": "cypress\\integration\\Google.feature",
      "beforeHooks": [],
      "afterHooks": [],
      "tests": [],
      "suites": [
        {
          "uuid": "7ffb6d36-2249-4de4-a0d9-d6e283540c6b",
          "title": "The Facebook",
          "fullFile": "",
          "file": "",
          "beforeHooks": [],
          "afterHooks": [],
          "tests": [
            {
              "title": "Opening a social network page",
              "fullTitle": "The Facebook Opening a social network page",
              "timedOut": null,
              "duration": 6728,
              "state": "failed",
              "speed": null,
              "pass": false,
              "fail": true,
              "pending": false,
              "context": null,
              "code": "const state = window.testState;\nreturn cy\n  .then(() => state.onStartScenario(scenario, indexedSteps))\n  .then(() =>\n    resolveAndRunBeforeHooks.call(this, scenario.tags, state.feature.name)\n  )\n  .then(() =>\n    indexedSteps.forEach(step => stepTest.call(this, state, step, rowData))\n  )\n  .then(() =>\n    resolveAndRunAfterHooks.call(this, scenario.tags, state.feature.name)\n  )\n  .then(() => state.onFinishScenario(scenario));",
              "err": {
                "message": "CypressError: Timed out retrying: expected 'Google' to include 'Google1'",
                "estack": "CypressError: Timed out retrying: expected 'Google' to include 'Google1'\n    at cypressErr (https://www.google.com/__cypress/runner/cypress_runner.js:138036:9)\n    at throwErr (https://www.google.com/__cypress/runner/cypress_runner.js:137969:11)\n    at Object.throwErrByPath (https://www.google.com/__cypress/runner/cypress_runner.js:138017:3)\n    at retry (https://www.google.com/__cypress/runner/cypress_runner.js:132299:19)\n    at onFailFn (https://www.google.com/__cypress/runner/cypress_runner.js:120514:16)\n    at tryCatcher (https://www.google.com/__cypress/runner/cypress_runner.js:164895:23)\n    at Promise._settlePromiseFromHandler (https://www.google.com/__cypress/runner/cypress_runner.js:162831:31)\n    at Promise._settlePromise (https://www.google.com/__cypress/runner/cypress_runner.js:162888:18)\n    at Promise._settlePromise0 (https://www.google.com/__cypress/runner/cypress_runner.js:162933:10)\n    at Promise._settlePromises (https://www.google.com/__cypress/runner/cypress_runner.js:163008:18)\n    at Async../node_modules/bluebird/js/release/async.js.Async._drainQueue (https://www.google.com/__cypress/runner/cypress_runner.js:159620:16)\n    at Async../node_modules/bluebird/js/release/async.js.Async._drainQueues (https://www.google.com/__cypress/runner/cypress_runner.js:159630:10)\n    at Async.drainQueues (https://www.google.com/__cypress/runner/cypress_runner.js:159504:14)",
                "diff": null
              },
              "uuid": "23413998-6c68-4732-99de-25446cfe22f9",
              "parentUUID": "7ffb6d36-2249-4de4-a0d9-d6e283540c6b",
              "isHook": false,
              "skipped": false
            }
          ],
          "suites": [],
          "passes": [],
          "failures": [
            "23413998-6c68-4732-99de-25446cfe22f9"
          ],
          "pending": [],
          "skipped": [],
          "duration": 6728,
          "root": false,
          "rootEmpty": false,
          "_timeout": 2000
        }
      ],
      "passes": [],
      "failures": [],
      "pending": [],
      "skipped": [],
      "duration": 0,
      "root": true,
      "rootEmpty": true,
      "_timeout": 2000
    }
  ],
  "meta": {
    "mocha": {
      "version": "7.1.0"
    },
    "mochawesome": {
      "options": {
        "quiet": false,
        "reportFilename": "mochawesome",
        "saveHtml": true,
        "saveJson": true,
        "consoleReporter": "spec",
        "useInlineDiffs": false,
        "code": true
      },
      "version": "5.0.0"
    },
    "marge": {
      "options": {
        "overwrite": true,
        "html": true,
        "json": true
      },
      "version": "4.1.0"
    }
  }
}